This is pdfTeX, Version 3.14159265-2.6-1.40.16 (MiKTeX 2.9 64-bit) (preloaded format=pdflatex 2016.1.7)  20 JUN 2016 17:25
entering extended mode
**./gloaguenTraffic16.tex
(gloaguenTraffic16.tex
LaTeX2e <2015/10/01> patch level 2
Babel <3.9m> and hyphenation patterns for 69 languages loaded.
("C:\Program Files\MiKTeX 2.9\tex\latex\base\article.cls"
Document Class: article 2014/09/29 v1.4h Standard LaTeX document class
("C:\Program Files\MiKTeX 2.9\tex\latex\base\size10.clo"
File: size10.clo 2014/09/29 v1.4h Standard LaTeX file (size option)
)
\c@part=\count79
\c@section=\count80
\c@subsection=\count81
\c@subsubsection=\count82
\c@paragraph=\count83
\c@subparagraph=\count84
\c@figure=\count85
\c@table=\count86
\abovecaptionskip=\skip41
\belowcaptionskip=\skip42
\bibindent=\dimen102
) (dcase2016.sty
\headrulewidth=\dimen103
\footrulewidth=\dimen104
\plainheadrulewidth=\dimen105
\plainfootrulewidth=\dimen106
\headwidth=\dimen107
)
("C:\Program Files\MiKTeX 2.9\tex\latex\amsmath\amsmath.sty"
Package: amsmath 2013/01/14 v2.14 AMS math features
\@mathmargin=\skip43

For additional information on amsmath, use the `?' option.
("C:\Program Files\MiKTeX 2.9\tex\latex\amsmath\amstext.sty"
Package: amstext 2000/06/29 v2.01

("C:\Program Files\MiKTeX 2.9\tex\latex\amsmath\amsgen.sty"
File: amsgen.sty 1999/11/30 v2.0
\@emptytoks=\toks14
\ex@=\dimen108
))
("C:\Program Files\MiKTeX 2.9\tex\latex\amsmath\amsbsy.sty"
Package: amsbsy 1999/11/29 v1.2d
\pmbraise@=\dimen109
)
("C:\Program Files\MiKTeX 2.9\tex\latex\amsmath\amsopn.sty"
Package: amsopn 1999/12/14 v2.01 operator names
)
\inf@bad=\count87
LaTeX Info: Redefining \frac on input line 210.
\uproot@=\count88
\leftroot@=\count89
LaTeX Info: Redefining \overline on input line 306.
\classnum@=\count90
\DOTSCASE@=\count91
LaTeX Info: Redefining \ldots on input line 378.
LaTeX Info: Redefining \dots on input line 381.
LaTeX Info: Redefining \cdots on input line 466.
\Mathstrutbox@=\box26
\strutbox@=\box27
\big@size=\dimen110
LaTeX Font Info:    Redeclaring font encoding OML on input line 566.
LaTeX Font Info:    Redeclaring font encoding OMS on input line 567.
\macc@depth=\count92
\c@MaxMatrixCols=\count93
\dotsspace@=\muskip10
\c@parentequation=\count94
\dspbrk@lvl=\count95
\tag@help=\toks15
\row@=\count96
\column@=\count97
\maxfields@=\count98
\andhelp@=\toks16
\eqnshift@=\dimen111
\alignsep@=\dimen112
\tagshift@=\dimen113
\tagwidth@=\dimen114
\totwidth@=\dimen115
\lineht@=\dimen116
\@envbody=\toks17
\multlinegap=\skip44
\multlinetaggap=\skip45
\mathdisplay@stack=\toks18
LaTeX Info: Redefining \[ on input line 2665.
LaTeX Info: Redefining \] on input line 2666.
)
("C:\Program Files\MiKTeX 2.9\tex\latex\graphics\graphicx.sty"
Package: graphicx 2014/10/28 v1.0g Enhanced LaTeX Graphics (DPC,SPQR)

("C:\Program Files\MiKTeX 2.9\tex\latex\graphics\keyval.sty"
Package: keyval 2014/10/28 v1.15 key=value parser (DPC)
\KV@toks@=\toks19
)
("C:\Program Files\MiKTeX 2.9\tex\latex\graphics\graphics.sty"
Package: graphics 2014/10/28 v1.0p Standard LaTeX Graphics (DPC,SPQR)

("C:\Program Files\MiKTeX 2.9\tex\latex\graphics\trig.sty"
Package: trig 1999/03/16 v1.09 sin cos tan (DPC)
)
("C:\Program Files\MiKTeX 2.9\tex\latex\00miktex\graphics.cfg"
File: graphics.cfg 2007/01/18 v1.5 graphics configuration of teTeX/TeXLive
)
Package graphics Info: Driver file: pdftex.def on input line 94.

("C:\Program Files\MiKTeX 2.9\tex\latex\pdftex-def\pdftex.def"
File: pdftex.def 2011/05/27 v0.06d Graphics/color for pdfTeX

("C:\Program Files\MiKTeX 2.9\tex\generic\oberdiek\infwarerr.sty"
Package: infwarerr 2010/04/08 v1.3 Providing info/warning/error messages (HO)
)
("C:\Program Files\MiKTeX 2.9\tex\generic\oberdiek\ltxcmds.sty"
Package: ltxcmds 2011/11/09 v1.22 LaTeX kernel commands for general use (HO)
)
\Gread@gobject=\count99
))
\Gin@req@height=\dimen117
\Gin@req@width=\dimen118
) (url.sty
\Urlmuskip=\muskip11
Package: url 2006/04/12  ver 3.3  Verb mode for urls, etc.
)
("C:\Program Files\MiKTeX 2.9\tex\latex\psnfss\times.sty"
Package: times 2005/04/12 PSNFSS-v9.2a (SPQR) 
)
(gloaguenTraffic16.aux)
\openout1 = `gloaguenTraffic16.aux'.

LaTeX Font Info:    Checking defaults for OML/cmm/m/it on input line 57.
LaTeX Font Info:    ... okay on input line 57.
LaTeX Font Info:    Checking defaults for T1/cmr/m/n on input line 57.
LaTeX Font Info:    ... okay on input line 57.
LaTeX Font Info:    Checking defaults for OT1/cmr/m/n on input line 57.
LaTeX Font Info:    ... okay on input line 57.
LaTeX Font Info:    Checking defaults for OMS/cmsy/m/n on input line 57.
LaTeX Font Info:    ... okay on input line 57.
LaTeX Font Info:    Checking defaults for OMX/cmex/m/n on input line 57.
LaTeX Font Info:    ... okay on input line 57.
LaTeX Font Info:    Checking defaults for U/cmr/m/n on input line 57.
LaTeX Font Info:    ... okay on input line 57.
LaTeX Font Info:    Try loading font information for OT1+ptm on input line 57.
 ("C:\Program Files\MiKTeX 2.9\tex\latex\psnfss\ot1ptm.fd"
File: ot1ptm.fd 2001/06/04 font definitions for OT1/ptm.
) ("C:\Program Files\MiKTeX 2.9\tex\context\base\supp-pdf.mkii"
[Loading MPS to PDF converter (version 2006.09.02).]
\scratchcounter=\count100
\scratchdimen=\dimen119
\scratchbox=\box28
\nofMPsegments=\count101
\nofMParguments=\count102
\everyMPshowfont=\toks20
\MPscratchCnt=\count103
\MPscratchDim=\dimen120
\MPnumerator=\count104
\makeMPintoPDFobject=\count105
\everyMPtoPDFconversion=\toks21
)
LaTeX Font Info:    Font shape `OT1/ptm/bx/n' in size <12> not available
(Font)              Font shape `OT1/ptm/b/n' tried instead on input line 60.

Overfull \hbox (12.0pt too wide) in paragraph at lines 60--60
 [][] 
 []

LaTeX Font Info:    Font shape `OT1/ptm/bx/n' in size <9> not available
(Font)              Font shape `OT1/ptm/b/n' tried instead on input line 64.

LaTeX Warning: Citation `dcase2016web' on page 1 undefined on input line 69.

LaTeX Font Info:    Font shape `OT1/ptm/bx/it' in size <9> not available
(Font)              Font shape `OT1/ptm/b/it' tried instead on input line 76.
Missing character: There is no Ã in font ptmr7t!
Missing character: There is no Ã in font ptmr7t!
Missing character: There is no ¨ in font ptmr7t!
Missing character: There is no Ã in font ptmr7t!
Missing character: There is no © in font ptmr7t!
Missing character: There is no Ã in font ptmr7t!
Missing character: There is no ¨ in font ptmr7t!
Missing character: There is no Ã in font ptmr7t!
Missing character: There is no © in font ptmr7t!

LaTeX Warning: Citation `lee1999' on page 1 undefined on input line 99.


LaTeX Warning: Citation `lee1999' on page 1 undefined on input line 105.


LaTeX Warning: Citation `smaragdis2003' on page 1 undefined on input line 105.


LaTeX Warning: Citation `amari2010' on page 1 undefined on input line 112.

Missing character: There is no Ã in font ptmr7t!
Missing character: There is no ¯ in font ptmr7t!

LaTeX Warning: Citation `lee2001' on page 1 undefined on input line 132.


LaTeX Warning: Citation `amari2011' on page 1 undefined on input line 132.


LaTeX Warning: Citation `fevotte2011' on page 1 undefined on input line 132.


LaTeX Warning: Reference `eq:Leq' on page 1 undefined on input line 146.


Underfull \hbox (badness 10000) in paragraph at lines 152--153

 []


LaTeX Warning: Citation `simScene' on page 1 undefined on input line 159.


Underfull \hbox (badness 10000) in paragraph at lines 158--160

 []

[1

pdfTeX warning: pdflatex (file pdftex.map): cannot open font map file



]
Underfull \hbox (badness 10000) in paragraph at lines 161--163

 []

<./images/bvak_Sc2_V_spectre_Euc.pdf, id=24, 853.1875pt x 426.59375pt>
File: ./images/bvak_Sc2_V_spectre_Euc.pdf Graphic file (type pdf)

<use ./images/bvak_Sc2_V_spectre_Euc.pdf>
Package pdftex.def Info: ./images/bvak_Sc2_V_spectre_Euc.pdf used on input line
 176.
(pdftex.def)             Requested size: 213.29636pt x 106.64816pt.
Missing character: There is no Ã in font ptmr7t!
Missing character: There is no ¯ in font ptmr7t!

<images/Lp_bvak_Sc2_It98_nbCl3.pdf, id=25, 853.1875pt x 426.59375pt>
File: images/Lp_bvak_Sc2_It98_nbCl3.pdf Graphic file (type pdf)

<use images/Lp_bvak_Sc2_It98_nbCl3.pdf>
Package pdftex.def Info: images/Lp_bvak_Sc2_It98_nbCl3.pdf used on input line 1
85.
(pdftex.def)             Requested size: 213.29636pt x 106.64816pt.

<images/comparaison_RMSE_nbCl3.pdf, id=26, 853.1875pt x 426.59375pt>
File: images/comparaison_RMSE_nbCl3.pdf Graphic file (type pdf)

<use images/comparaison_RMSE_nbCl3.pdf>
Package pdftex.def Info: images/comparaison_RMSE_nbCl3.pdf used on input line 1
94.
(pdftex.def)             Requested size: 213.29636pt x 106.64816pt.
Missing character: There is no Ã in font ptmr7t!
Missing character: There is no ¯ in font ptmr7t!

No file gloaguenTraffic16.bbl.
[2 <./images/bvak_Sc2_V_spectre_Euc.pdf> <./images/Lp_bvak_Sc2_It98_nbCl3.pdf> 
<./images/comparaison_RMSE_nbCl3.pdf>] (gloaguenTraffic16.aux)

LaTeX Warning: There were undefined references.

 ) 
Here is how much of TeX's memory you used:
 2007 strings out of 493634
 24805 string characters out of 3143754
 93988 words of memory out of 3000000
 5382 multiletter control sequences out of 15000+200000
 24946 words of font info for 54 fonts, out of 3000000 for 9000
 1025 hyphenation exceptions out of 8191
 27i,16n,22p,1262b,424s stack positions out of 5000i,500n,10000p,200000b,50000s

!pdfTeX error: pdflatex (file ptmri8r): Font ptmri8r at 540 not found
 ==> Fatal error occurred, no output PDF file produced!
